{"/home/guilherme/arquivos/PROJETOS/react/Projeto 1/src/index.js": {"path":"/home/guilherme/arquivos/PROJETOS/react/Projeto 1/src/index.js","statementMap":{"0":{"start":{"line":7,"column":0},"end":{"line":12,"column":2}}},"fnMap":{},"branchMap":{},"s":{"0":0},"f":{},"b":{}}
,"/home/guilherme/arquivos/PROJETOS/react/Projeto 1/src/components/Button/index.jsx": {"path":"/home/guilherme/arquivos/PROJETOS/react/Projeto 1/src/components/Button/index.jsx","statementMap":{"0":{"start":{"line":4,"column":22},"end":{"line":8,"column":1}},"1":{"start":{"line":5,"column":2},"end":{"line":7,"column":11}},"2":{"start":{"line":10,"column":0},"end":{"line":12,"column":2}},"3":{"start":{"line":14,"column":0},"end":{"line":18,"column":2}}},"fnMap":{"0":{"name":"(anonymous_0)","decl":{"start":{"line":4,"column":22},"end":{"line":4,"column":23}},"loc":{"start":{"line":5,"column":2},"end":{"line":7,"column":11}},"line":5}},"branchMap":{"0":{"loc":{"start":{"line":4,"column":40},"end":{"line":4,"column":56}},"type":"default-arg","locations":[{"start":{"line":4,"column":51},"end":{"line":4,"column":56}}],"line":4}},"s":{"0":1,"1":5,"2":1,"3":1},"f":{"0":5},"b":{"0":[0]},"_coverageSchema":"1a1c01bbd47fc00a2c39e90264f33305004495a9","hash":"455820227d206c358b7c50cbb513f684c5a79de0"}
,"/home/guilherme/arquivos/PROJETOS/react/Projeto 1/src/components/PostCard/index.jsx": {"path":"/home/guilherme/arquivos/PROJETOS/react/Projeto 1/src/components/PostCard/index.jsx","statementMap":{"0":{"start":{"line":4,"column":24},"end":{"line":14,"column":1}},"1":{"start":{"line":5,"column":2},"end":{"line":13,"column":8}},"2":{"start":{"line":16,"column":0},"end":{"line":21,"column":2}}},"fnMap":{"0":{"name":"(anonymous_0)","decl":{"start":{"line":4,"column":24},"end":{"line":4,"column":25}},"loc":{"start":{"line":5,"column":2},"end":{"line":13,"column":8}},"line":5}},"branchMap":{},"s":{"0":2,"1":8,"2":2},"f":{"0":8},"b":{},"_coverageSchema":"1a1c01bbd47fc00a2c39e90264f33305004495a9","hash":"a3809193956ce61204ca039ca25cd4074818a97d"}
,"/home/guilherme/arquivos/PROJETOS/react/Projeto 1/src/components/PostCard/mock.js": {"path":"/home/guilherme/arquivos/PROJETOS/react/Projeto 1/src/components/PostCard/mock.js","statementMap":{"0":{"start":{"line":1,"column":33},"end":{"line":6,"column":1}}},"fnMap":{},"branchMap":{},"s":{"0":1},"f":{},"b":{},"_coverageSchema":"1a1c01bbd47fc00a2c39e90264f33305004495a9","hash":"48ef501657113a28c92b93379e29b05a93764145"}
,"/home/guilherme/arquivos/PROJETOS/react/Projeto 1/src/components/Posts/index.jsx": {"path":"/home/guilherme/arquivos/PROJETOS/react/Projeto 1/src/components/Posts/index.jsx","statementMap":{"0":{"start":{"line":5,"column":21},"end":{"line":11,"column":1}},"1":{"start":{"line":6,"column":2},"end":{"line":10,"column":8}},"2":{"start":{"line":8,"column":6},"end":{"line":8,"column":100}},"3":{"start":{"line":13,"column":0},"end":{"line":15,"column":2}},"4":{"start":{"line":17,"column":0},"end":{"line":19,"column":2}}},"fnMap":{"0":{"name":"(anonymous_0)","decl":{"start":{"line":5,"column":21},"end":{"line":5,"column":22}},"loc":{"start":{"line":6,"column":2},"end":{"line":10,"column":8}},"line":6},"1":{"name":"(anonymous_1)","decl":{"start":{"line":7,"column":15},"end":{"line":7,"column":16}},"loc":{"start":{"line":8,"column":6},"end":{"line":8,"column":100}},"line":8}},"branchMap":{"0":{"loc":{"start":{"line":5,"column":24},"end":{"line":5,"column":34}},"type":"default-arg","locations":[{"start":{"line":5,"column":32},"end":{"line":5,"column":34}}],"line":5}},"s":{"0":1,"1":3,"2":6,"3":1,"4":1},"f":{"0":3,"1":6},"b":{"0":[0]},"_coverageSchema":"1a1c01bbd47fc00a2c39e90264f33305004495a9","hash":"71301cb135d6e2cc65e47bd9754dfc08d89adac0"}
,"/home/guilherme/arquivos/PROJETOS/react/Projeto 1/src/components/TextInput/index.jsx": {"path":"/home/guilherme/arquivos/PROJETOS/react/Projeto 1/src/components/TextInput/index.jsx","statementMap":{"0":{"start":{"line":4,"column":25},"end":{"line":14,"column":1}},"1":{"start":{"line":5,"column":2},"end":{"line":13,"column":4}},"2":{"start":{"line":16,"column":0},"end":{"line":19,"column":2}}},"fnMap":{"0":{"name":"(anonymous_0)","decl":{"start":{"line":4,"column":25},"end":{"line":4,"column":26}},"loc":{"start":{"line":4,"column":60},"end":{"line":14,"column":1}},"line":4}},"branchMap":{},"s":{"0":1,"1":3,"2":1},"f":{"0":3},"b":{},"_coverageSchema":"1a1c01bbd47fc00a2c39e90264f33305004495a9","hash":"beaf359f731e31d4424074970e11f9b29b6ada41"}
,"/home/guilherme/arquivos/PROJETOS/react/Projeto 1/src/templates/Home/index.jsx": {"path":"/home/guilherme/arquivos/PROJETOS/react/Projeto 1/src/templates/Home/index.jsx","statementMap":{"0":{"start":{"line":9,"column":20},"end":{"line":66,"column":1}},"1":{"start":{"line":10,"column":28},"end":{"line":10,"column":40}},"2":{"start":{"line":11,"column":34},"end":{"line":11,"column":46}},"3":{"start":{"line":12,"column":26},"end":{"line":12,"column":37}},"4":{"start":{"line":13,"column":25},"end":{"line":13,"column":37}},"5":{"start":{"line":14,"column":40},"end":{"line":14,"column":52}},"6":{"start":{"line":16,"column":22},"end":{"line":16,"column":60}},"7":{"start":{"line":18,"column":24},"end":{"line":22,"column":11}},"8":{"start":{"line":20,"column":8},"end":{"line":20,"column":76}},"9":{"start":{"line":24,"column":26},"end":{"line":29,"column":8}},"10":{"start":{"line":25,"column":27},"end":{"line":25,"column":44}},"11":{"start":{"line":27,"column":4},"end":{"line":27,"column":55}},"12":{"start":{"line":28,"column":4},"end":{"line":28,"column":32}},"13":{"start":{"line":31,"column":2},"end":{"line":33,"column":38}},"14":{"start":{"line":32,"column":4},"end":{"line":32,"column":37}},"15":{"start":{"line":35,"column":24},"end":{"line":42,"column":3}},"16":{"start":{"line":36,"column":21},"end":{"line":36,"column":40}},"17":{"start":{"line":37,"column":21},"end":{"line":37,"column":70}},"18":{"start":{"line":38,"column":4},"end":{"line":38,"column":28}},"19":{"start":{"line":40,"column":4},"end":{"line":40,"column":20}},"20":{"start":{"line":41,"column":4},"end":{"line":41,"column":22}},"21":{"start":{"line":44,"column":23},"end":{"line":47,"column":3}},"22":{"start":{"line":45,"column":22},"end":{"line":45,"column":30}},"23":{"start":{"line":46,"column":4},"end":{"line":46,"column":26}},"24":{"start":{"line":49,"column":2},"end":{"line":65,"column":4}}},"fnMap":{"0":{"name":"(anonymous_0)","decl":{"start":{"line":9,"column":20},"end":{"line":9,"column":21}},"loc":{"start":{"line":9,"column":26},"end":{"line":66,"column":1}},"line":9},"1":{"name":"(anonymous_1)","decl":{"start":{"line":19,"column":22},"end":{"line":19,"column":23}},"loc":{"start":{"line":19,"column":32},"end":{"line":21,"column":7}},"line":19},"2":{"name":"(anonymous_2)","decl":{"start":{"line":24,"column":38},"end":{"line":24,"column":39}},"loc":{"start":{"line":24,"column":68},"end":{"line":29,"column":3}},"line":24},"3":{"name":"(anonymous_3)","decl":{"start":{"line":31,"column":12},"end":{"line":31,"column":13}},"loc":{"start":{"line":31,"column":18},"end":{"line":33,"column":3}},"line":31},"4":{"name":"(anonymous_4)","decl":{"start":{"line":35,"column":24},"end":{"line":35,"column":25}},"loc":{"start":{"line":35,"column":30},"end":{"line":42,"column":3}},"line":35},"5":{"name":"(anonymous_5)","decl":{"start":{"line":44,"column":23},"end":{"line":44,"column":24}},"loc":{"start":{"line":44,"column":30},"end":{"line":47,"column":3}},"line":44}},"branchMap":{"0":{"loc":{"start":{"line":18,"column":24},"end":{"line":22,"column":11}},"type":"cond-expr","locations":[{"start":{"line":19,"column":6},"end":{"line":21,"column":8}},{"start":{"line":22,"column":6},"end":{"line":22,"column":11}}],"line":18},"1":{"loc":{"start":{"line":52,"column":9},"end":{"line":52,"column":56}},"type":"binary-expr","locations":[{"start":{"line":52,"column":9},"end":{"line":52,"column":22}},{"start":{"line":52,"column":26},"end":{"line":52,"column":56}}],"line":52},"2":{"loc":{"start":{"line":57,"column":7},"end":{"line":57,"column":66}},"type":"binary-expr","locations":[{"start":{"line":57,"column":7},"end":{"line":57,"column":31}},{"start":{"line":57,"column":35},"end":{"line":57,"column":66}}],"line":57},"3":{"loc":{"start":{"line":59,"column":7},"end":{"line":59,"column":71}},"type":"binary-expr","locations":[{"start":{"line":59,"column":7},"end":{"line":59,"column":33}},{"start":{"line":59,"column":37},"end":{"line":59,"column":71}}],"line":59},"4":{"loc":{"start":{"line":62,"column":9},"end":{"line":62,"column":105}},"type":"binary-expr","locations":[{"start":{"line":62,"column":9},"end":{"line":62,"column":21}},{"start":{"line":62,"column":25},"end":{"line":62,"column":105}}],"line":62}},"s":{"0":0,"1":0,"2":0,"3":0,"4":0,"5":0,"6":0,"7":0,"8":0,"9":0,"10":0,"11":0,"12":0,"13":0,"14":0,"15":0,"16":0,"17":0,"18":0,"19":0,"20":0,"21":0,"22":0,"23":0,"24":0},"f":{"0":0,"1":0,"2":0,"3":0,"4":0,"5":0},"b":{"0":[0,0],"1":[0,0],"2":[0,0],"3":[0,0],"4":[0,0]}}
,"/home/guilherme/arquivos/PROJETOS/react/Projeto 1/src/utils/load-posts.js": {"path":"/home/guilherme/arquivos/PROJETOS/react/Projeto 1/src/utils/load-posts.js","statementMap":{"0":{"start":{"line":1,"column":25},"end":{"line":15,"column":1}},"1":{"start":{"line":2,"column":24},"end":{"line":2,"column":75}},"2":{"start":{"line":3,"column":25},"end":{"line":3,"column":77}},"3":{"start":{"line":5,"column":26},"end":{"line":5,"column":76}},"4":{"start":{"line":7,"column":20},"end":{"line":7,"column":38}},"5":{"start":{"line":8,"column":21},"end":{"line":8,"column":40}},"6":{"start":{"line":10,"column":25},"end":{"line":12,"column":4}},"7":{"start":{"line":11,"column":4},"end":{"line":11,"column":53}},"8":{"start":{"line":14,"column":2},"end":{"line":14,"column":24}}},"fnMap":{"0":{"name":"(anonymous_0)","decl":{"start":{"line":1,"column":25},"end":{"line":1,"column":26}},"loc":{"start":{"line":1,"column":37},"end":{"line":15,"column":1}},"line":1},"1":{"name":"(anonymous_1)","decl":{"start":{"line":10,"column":39},"end":{"line":10,"column":40}},"loc":{"start":{"line":10,"column":56},"end":{"line":12,"column":3}},"line":10}},"branchMap":{},"s":{"0":0,"1":0,"2":0,"3":0,"4":0,"5":0,"6":0,"7":0,"8":0},"f":{"0":0,"1":0},"b":{}}
}
